# JRE version: OpenJDK Runtime Environment (21.0.1+12) (build 21.0.1+12-29)
# Java VM: OpenJDK 64-Bit Server VM (21.0.1+12-29, mixed mode, sharing, tiered, compressed oops, compressed class ptrs, g1 gc, windows-amd64)
GC Precious Log:
 CardTable entry size: 512
 Card Set container configuration: InlinePtr #cards 4 size 8 Array Of Cards #cards 16 size 48 Howl #buckets 8 coarsen threshold 3686 Howl Bitmap #cards 512 size 80 coarsen threshold 460 Card regions per heap region 1 cards per card region 4096
 CPUs: 8 total, 8 available
 Memory: 16296M
 Large Page Support: Disabled
 NUMA Support: Disabled
 Compressed Oops: Enabled (Zero based)
 Heap Region Size: 2M
 Heap Min Capacity: 8M
 Heap Initial Capacity: 256M
 Heap Max Capacity: 4076M
 Pre-touch: Disabled
 Parallel Workers: 8
 Concurrent Workers: 2
 Concurrent Refinement Workers: 8
 Periodic GC: Disabled
Heap:
 garbage-first heap   total 61440K, used 45403K [0x0000000701400000, 0x0000000800000000)
  region size 2048K, 12 young (24576K), 2 survivors (4096K)
 Metaspace       used 61429K, committed 62080K, reserved 1114112K
  class space    used 8314K, committed 8576K, reserved 1048576K
GC Heap History (20 events):
Event: 0.379 GC heap before
{Heap before GC invocations=0 (full 0):
 garbage-first heap   total 262144K, used 20480K [0x0000000701400000, 0x0000000800000000)
  region size 2048K, 11 young (22528K), 0 survivors (0K)
 Metaspace       used 5834K, committed 6016K, reserved 1114112K
  class space    used 669K, committed 768K, reserved 1048576K
}
Event: 0.381 GC heap after
{Heap after GC invocations=1 (full 0):
 garbage-first heap   total 262144K, used 7472K [0x0000000701400000, 0x0000000800000000)
  region size 2048K, 2 young (4096K), 2 survivors (4096K)
 Metaspace       used 5834K, committed 6016K, reserved 1114112K
  class space    used 669K, committed 768K, reserved 1048576K
}
Event: 0.616 GC heap before
{Heap before GC invocations=1 (full 0):
 garbage-first heap   total 262144K, used 30000K [0x0000000701400000, 0x0000000800000000)
  region size 2048K, 14 young (28672K), 2 survivors (4096K)
 Metaspace       used 12410K, committed 12736K, reserved 1114112K
  class space    used 1485K, committed 1664K, reserved 1048576K
}
Event: 0.619 GC heap after
{Heap after GC invocations=2 (full 0):
 garbage-first heap   total 262144K, used 9717K [0x0000000701400000, 0x0000000800000000)
  region size 2048K, 2 young (4096K), 2 survivors (4096K)
 Metaspace       used 12410K, committed 12736K, reserved 1114112K
  class space    used 1485K, committed 1664K, reserved 1048576K
}
Event: 1.131 GC heap before
{Heap before GC invocations=2 (full 0):
 garbage-first heap   total 262144K, used 56821K [0x0000000701400000, 0x0000000800000000)
  region size 2048K, 27 young (55296K), 2 survivors (4096K)
 Metaspace       used 21231K, committed 21504K, reserved 1114112K
  class space    used 2584K, committed 2688K, reserved 1048576K
}
Event: 1.134 GC heap after
{Heap after GC invocations=3 (full 0):
 garbage-first heap   total 262144K, used 14273K [0x0000000701400000, 0x0000000800000000)
  region size 2048K, 4 young (8192K), 4 survivors (8192K)
 Metaspace       used 21231K, committed 21504K, reserved 1114112K
  class space    used 2584K, committed 2688K, reserved 1048576K
}
Event: 1.568 GC heap before
{Heap before GC invocations=4 (full 0):
 garbage-first heap   total 61440K, used 42945K [0x0000000701400000, 0x0000000800000000)
  region size 2048K, 18 young (36864K), 4 survivors (8192K)
 Metaspace       used 26453K, committed 26944K, reserved 1114112K
  class space    used 3360K, committed 3584K, reserved 1048576K
}
Event: 1.573 GC heap after
{Heap after GC invocations=5 (full 0):
 garbage-first heap   total 61440K, used 17528K [0x0000000701400000, 0x0000000800000000)
  region size 2048K, 2 young (4096K), 2 survivors (4096K)
 Metaspace       used 26453K, committed 26944K, reserved 1114112K
  class space    used 3360K, committed 3584K, reserved 1048576K
}
Event: 1.902 GC heap before
{Heap before GC invocations=5 (full 0):
 garbage-first heap   total 61440K, used 42104K [0x0000000701400000, 0x0000000800000000)
  region size 2048K, 15 young (30720K), 2 survivors (4096K)
 Metaspace       used 32958K, committed 33472K, reserved 1114112K
  class space    used 4124K, committed 4352K, reserved 1048576K
}
Event: 1.904 GC heap after
{Heap after GC invocations=6 (full 0):
 garbage-first heap   total 61440K, used 19271K [0x0000000701400000, 0x0000000800000000)
  region size 2048K, 1 young (2048K), 1 survivors (2048K)
 Metaspace       used 32958K, committed 33472K, reserved 1114112K
  class space    used 4124K, committed 4352K, reserved 1048576K
}
Event: 2.008 GC heap before
{Heap before GC invocations=6 (full 0):
 garbage-first heap   total 61440K, used 27463K [0x0000000701400000, 0x0000000800000000)
  region size 2048K, 6 young (12288K), 1 survivors (2048K)
 Metaspace       used 35558K, committed 36096K, reserved 1114112K
  class space    used 4532K, committed 4736K, reserved 1048576K
}
Event: 2.009 GC heap after
{Heap after GC invocations=7 (full 0):
 garbage-first heap   total 61440K, used 19720K [0x0000000701400000, 0x0000000800000000)
  region size 2048K, 2 young (4096K), 2 survivors (4096K)
 Metaspace       used 35558K, committed 36096K, reserved 1114112K
  class space    used 4532K, committed 4736K, reserved 1048576K
}
Event: 2.295 GC heap before
{Heap before GC invocations=8 (full 0):
 garbage-first heap   total 61440K, used 44296K [0x0000000701400000, 0x0000000800000000)
  region size 2048K, 15 young (30720K), 2 survivors (4096K)
 Metaspace       used 42114K, committed 42688K, reserved 1114112K
  class space    used 5555K, committed 5824K, reserved 1048576K
}
Event: 2.297 GC heap after
{Heap after GC invocations=9 (full 0):
 garbage-first heap   total 61440K, used 21400K [0x0000000701400000, 0x0000000800000000)
  region size 2048K, 2 young (4096K), 2 survivors (4096K)
 Metaspace       used 42114K, committed 42688K, reserved 1114112K
  class space    used 5555K, committed 5824K, reserved 1048576K
}
Event: 2.615 GC heap before
{Heap before GC invocations=9 (full 0):
 garbage-first heap   total 61440K, used 45976K [0x0000000701400000, 0x0000000800000000)
  region size 2048K, 15 young (30720K), 2 survivors (4096K)
 Metaspace       used 50509K, committed 51072K, reserved 1114112K
  class space    used 6816K, committed 7040K, reserved 1048576K
}
Event: 2.617 GC heap after
{Heap after GC invocations=10 (full 0):
 garbage-first heap   total 61440K, used 22525K [0x0000000701400000, 0x0000000800000000)
  region size 2048K, 2 young (4096K), 2 survivors (4096K)
 Metaspace       used 50509K, committed 51072K, reserved 1114112K
  class space    used 6816K, committed 7040K, reserved 1048576K
}
Event: 2.905 GC heap before
{Heap before GC invocations=10 (full 0):
 garbage-first heap   total 61440K, used 49149K [0x0000000701400000, 0x0000000800000000)
  region size 2048K, 16 young (32768K), 2 survivors (4096K)
 Metaspace       used 56347K, committed 57024K, reserved 1114112K
  class space    used 7611K, committed 7936K, reserved 1048576K
}
Event: 2.908 GC heap after
{Heap after GC invocations=11 (full 0):
 garbage-first heap   total 61440K, used 24620K [0x0000000701400000, 0x0000000800000000)
  region size 2048K, 2 young (4096K), 2 survivors (4096K)
 Metaspace       used 56347K, committed 57024K, reserved 1114112K
  class space    used 7611K, committed 7936K, reserved 1048576K
}
Event: 3.235 GC heap before
{Heap before GC invocations=11 (full 0):
 garbage-first heap   total 61440K, used 49196K [0x0000000701400000, 0x0000000800000000)
  region size 2048K, 15 young (30720K), 2 survivors (4096K)
 Metaspace       used 59795K, committed 60416K, reserved 1114112K
  class space    used 8060K, committed 8320K, reserved 1048576K
}
Event: 3.237 GC heap after
{Heap after GC invocations=12 (full 0):
 garbage-first heap   total 61440K, used 26971K [0x0000000701400000, 0x0000000800000000)
  region size 2048K, 2 young (4096K), 2 survivors (4096K)
 Metaspace       used 59795K, committed 60416K, reserved 1114112K
  class space    used 8060K, committed 8320K, reserved 1048576K
}

